<?xml version="1.0" encoding="UTF-8" ?>
<testsuite tests="2" failures="0" name="com.alexnederlof.inttesting.suites.IntegrationTestSuite" time="0.012" errors="0" skipped="2">
  <properties>
    <property name="java.runtime.name" value="OpenJDK Runtime Environment"/>
    <property name="sun.boot.library.path" value="/Users/aadityasubedi/.sdkman/candidates/java/8.0.392-zulu/zulu-8.jdk/Contents/Home/jre/lib"/>
    <property name="java.vm.version" value="25.392-b08"/>
    <property name="gopherProxySet" value="false"/>
    <property name="jdk.vendor.version" value="Zulu 8.74.0.17-CA-macos-aarch64"/>
    <property name="java.vm.vendor" value="Azul Systems, Inc."/>
    <property name="maven.multiModuleProjectDirectory" value="/Users/aadityasubedi/Desktop/eval-set/repo7/integration-testing-example"/>
    <property name="java.vendor.url" value="http://www.azul.com/"/>
    <property name="path.separator" value=":"/>
    <property name="guice.disable.misplaced.annotation.check" value="true"/>
    <property name="java.vm.name" value="OpenJDK 64-Bit Server VM"/>
    <property name="file.encoding.pkg" value="sun.io"/>
    <property name="user.country" value="US"/>
    <property name="sun.java.launcher" value="SUN_STANDARD"/>
    <property name="sun.os.patch.level" value="unknown"/>
    <property name="java.vm.specification.name" value="Java Virtual Machine Specification"/>
    <property name="user.dir" value="/Users/aadityasubedi/Desktop/eval-set/repo7/integration-testing-example"/>
    <property name="java.runtime.version" value="1.8.0_392-b08"/>
    <property name="java.awt.graphicsenv" value="sun.awt.CGraphicsEnvironment"/>
    <property name="java.endorsed.dirs" value="/Users/aadityasubedi/.sdkman/candidates/java/8.0.392-zulu/zulu-8.jdk/Contents/Home/jre/lib/endorsed"/>
    <property name="os.arch" value="aarch64"/>
    <property name="java.io.tmpdir" value="/var/folders/k0/btb1624n5235gzljgdym1wrh0000gn/T/"/>
    <property name="line.separator" value="
"/>
    <property name="java.vm.specification.vendor" value="Oracle Corporation"/>
    <property name="os.name" value="Mac OS X"/>
    <property name="classworlds.conf" value="/opt/homebrew/Cellar/maven/3.9.10/libexec/bin/m2.conf"/>
    <property name="sun.jnu.encoding" value="UTF-8"/>
    <property name="java.library.path" value="/Users/aadityasubedi/Library/Java/Extensions:/Library/Java/Extensions:/Network/Library/Java/Extensions:/System/Library/Java/Extensions:/usr/lib/java:."/>
    <property name="maven.conf" value="/opt/homebrew/Cellar/maven/3.9.10/libexec/conf"/>
    <property name="java.specification.name" value="Java Platform API Specification"/>
    <property name="java.class.version" value="52.0"/>
    <property name="sun.management.compiler" value="HotSpot 64-Bit Tiered Compilers"/>
    <property name="os.version" value="14.6.1"/>
    <property name="library.jansi.path" value="/opt/homebrew/Cellar/maven/3.9.10/libexec/lib/jansi-native"/>
    <property name="http.nonProxyHosts" value="local|*.local|169.254/16|*.169.254/16"/>
    <property name="user.home" value="/Users/aadityasubedi"/>
    <property name="user.timezone" value="America/Los_Angeles"/>
    <property name="java.awt.printerjob" value="sun.lwawt.macosx.CPrinterJob"/>
    <property name="java.specification.version" value="1.8"/>
    <property name="file.encoding" value="UTF-8"/>
    <property name="user.name" value="aadityasubedi"/>
    <property name="java.class.path" value="/opt/homebrew/Cellar/maven/3.9.10/libexec/boot/plexus-classworlds-2.9.0.jar"/>
    <property name="java.vm.specification.version" value="1.8"/>
    <property name="sun.arch.data.model" value="64"/>
    <property name="java.home" value="/Users/aadityasubedi/.sdkman/candidates/java/8.0.392-zulu/zulu-8.jdk/Contents/Home/jre"/>
    <property name="sun.java.command" value="org.codehaus.plexus.classworlds.launcher.Launcher test -P integrationtests"/>
    <property name="java.specification.vendor" value="Oracle Corporation"/>
    <property name="user.language" value="en"/>
    <property name="awt.toolkit" value="sun.lwawt.macosx.LWCToolkit"/>
    <property name="java.vm.info" value="mixed mode"/>
    <property name="java.version" value="1.8.0_392"/>
    <property name="java.ext.dirs" value="/Users/aadityasubedi/Library/Java/Extensions:/Users/aadityasubedi/.sdkman/candidates/java/8.0.392-zulu/zulu-8.jdk/Contents/Home/jre/lib/ext:/Library/Java/Extensions:/Network/Library/Java/Extensions:/System/Library/Java/Extensions:/usr/lib/java"/>
    <property name="sun.boot.class.path" value="/Users/aadityasubedi/.sdkman/candidates/java/8.0.392-zulu/zulu-8.jdk/Contents/Home/jre/lib/resources.jar:/Users/aadityasubedi/.sdkman/candidates/java/8.0.392-zulu/zulu-8.jdk/Contents/Home/jre/lib/rt.jar:/Users/aadityasubedi/.sdkman/candidates/java/8.0.392-zulu/zulu-8.jdk/Contents/Home/jre/lib/sunrsasign.jar:/Users/aadityasubedi/.sdkman/candidates/java/8.0.392-zulu/zulu-8.jdk/Contents/Home/jre/lib/jsse.jar:/Users/aadityasubedi/.sdkman/candidates/java/8.0.392-zulu/zulu-8.jdk/Contents/Home/jre/lib/jce.jar:/Users/aadityasubedi/.sdkman/candidates/java/8.0.392-zulu/zulu-8.jdk/Contents/Home/jre/lib/charsets.jar:/Users/aadityasubedi/.sdkman/candidates/java/8.0.392-zulu/zulu-8.jdk/Contents/Home/jre/lib/jfr.jar:/Users/aadityasubedi/.sdkman/candidates/java/8.0.392-zulu/zulu-8.jdk/Contents/Home/jre/lib/cat.jar:/Users/aadityasubedi/.sdkman/candidates/java/8.0.392-zulu/zulu-8.jdk/Contents/Home/jre/classes"/>
    <property name="java.vendor" value="Azul Systems, Inc."/>
    <property name="java.specification.maintenance.version" value="5"/>
    <property name="maven.home" value="/opt/homebrew/Cellar/maven/3.9.10/libexec"/>
    <property name="file.separator" value="/"/>
    <property name="java.vendor.url.bug" value="http://www.azul.com/support/"/>
    <property name="sun.cpu.endian" value="little"/>
    <property name="sun.io.unicode.encoding" value="UnicodeBig"/>
    <property name="socksNonProxyHosts" value="local|*.local|169.254/16|*.169.254/16"/>
    <property name="ftp.nonProxyHosts" value="local|*.local|169.254/16|*.169.254/16"/>
    <property name="sun.cpu.isalist" value=""/>
  </properties>
  <testcase classname="com.alexnederlof.inttesting.SimpleSeleniumTest" name="testTheWebApp[browser=*firefox]" time="0.012">
    <skipped/>
    <system-err>2025-06-13 11:12:39.644:INFO:oejs.Server:main: jetty-9.0.0.M2
2025-06-13 11:12:39.681:INFO:oejs.ServerConnector:main: Started ServerConnector@a67c67e{HTTP/1.1}{0.0.0.0:9090}
2025-06-13 11:12:39.739:INFO:oejw.StandardDescriptorProcessor:main: NO JSP Support for /, did not find org.apache.jasper.servlet.JspServlet
2025-06-13 11:12:39.743:INFO:oejsh.ContextHandler:main: started o.e.j.w.WebAppContext@33b37288{/,file:/Users/aadityasubedi/Desktop/eval-set/repo7/integration-testing-example/src/main/webapp/,AVAILABLE}{/Users/aadityasubedi/Desktop/eval-set/repo7/integration-testing-example/src/main/webapp}
</system-err>
  </testcase>
  <testcase classname="com.alexnederlof.inttesting.SimpleSeleniumTest" name="testTheWebApp[browser=*googlechrome]" time="0">
    <skipped/>
  </testcase>
</testsuite>